2020-11-02 09:43:12.006  INFO 17021 --- [main] c.v.s.a.AlertMonitorApplication          : Starting AlertMonitorApplication v0.0.1-SNAPSHOT on macs-MacBook-Pro.local with PID 17021 (/Users/nqthinh/Documents/devops/smartpay/alert-monitor/target/alert-monitor-0.0.1-SNAPSHOT.jar started by macbook in /Users/nqthinh/Documents/devops/smartpay/alert-monitor)
2020-11-02 09:43:12.008  INFO 17021 --- [main] c.v.s.a.AlertMonitorApplication          : No active profile set, falling back to default profiles: default
2020-11-02 09:43:12.912  INFO 17021 --- [main] o.s.b.w.embedded.tomcat.TomcatWebServer  : Tomcat initialized with port(s): 2104 (http)
2020-11-02 09:43:12.925  INFO 17021 --- [main] o.apache.catalina.core.StandardService   : Starting service [Tomcat]
2020-11-02 09:43:12.925  INFO 17021 --- [main] org.apache.catalina.core.StandardEngine  : Starting Servlet engine: [Apache Tomcat/9.0.38]
2020-11-02 09:43:12.982  INFO 17021 --- [main] o.a.c.c.C.[Tomcat].[localhost].[/]       : Initializing Spring embedded WebApplicationContext
2020-11-02 09:43:12.982  INFO 17021 --- [main] w.s.c.ServletWebServerApplicationContext : Root WebApplicationContext: initialization completed in 925 ms
2020-11-02 09:43:13.159  INFO 17021 --- [main] o.s.s.concurrent.ThreadPoolTaskExecutor  : Initializing ExecutorService 'applicationTaskExecutor'
2020-11-02 09:43:13.330  INFO 17021 --- [main] o.s.b.w.embedded.tomcat.TomcatWebServer  : Tomcat started on port(s): 2104 (http) with context path ''
2020-11-02 09:43:13.339  INFO 17021 --- [main] c.v.s.a.AlertMonitorApplication          : Started AlertMonitorApplication in 1.682 seconds (JVM running for 2.05)
2020-11-02 09:43:19.004  INFO 17021 --- [SpringContextShutdownHook] o.s.s.concurrent.ThreadPoolTaskExecutor  : Shutting down ExecutorService 'applicationTaskExecutor'
2020-11-02 09:44:32.222  INFO 17333 --- [main] c.v.s.a.AlertMonitorApplication          : Starting AlertMonitorApplication v0.0.1-SNAPSHOT on macs-MacBook-Pro.local with PID 17333 (/Users/nqthinh/Documents/devops/smartpay/alert-monitor/target/alert-monitor-0.0.1-SNAPSHOT.jar started by macbook in /Users/nqthinh/Documents/devops/smartpay/alert-monitor)
2020-11-02 09:44:32.226  INFO 17333 --- [main] c.v.s.a.AlertMonitorApplication          : No active profile set, falling back to default profiles: default
2020-11-02 09:44:33.340  INFO 17333 --- [main] o.s.b.w.embedded.tomcat.TomcatWebServer  : Tomcat initialized with port(s): 2104 (http)
2020-11-02 09:44:33.353  INFO 17333 --- [main] o.apache.catalina.core.StandardService   : Starting service [Tomcat]
2020-11-02 09:44:33.353  INFO 17333 --- [main] org.apache.catalina.core.StandardEngine  : Starting Servlet engine: [Apache Tomcat/9.0.38]
2020-11-02 09:44:33.416  INFO 17333 --- [main] o.a.c.c.C.[Tomcat].[localhost].[/]       : Initializing Spring embedded WebApplicationContext
2020-11-02 09:44:33.416  INFO 17333 --- [main] w.s.c.ServletWebServerApplicationContext : Root WebApplicationContext: initialization completed in 1111 ms
2020-11-02 09:44:33.612  INFO 17333 --- [main] o.s.s.concurrent.ThreadPoolTaskExecutor  : Initializing ExecutorService 'applicationTaskExecutor'
2020-11-02 09:44:33.813  INFO 17333 --- [main] o.s.b.w.embedded.tomcat.TomcatWebServer  : Tomcat started on port(s): 2104 (http) with context path ''
2020-11-02 09:44:33.823  INFO 17333 --- [main] c.v.s.a.AlertMonitorApplication          : Started AlertMonitorApplication in 2.088 seconds (JVM running for 2.581)
2020-11-02 09:44:45.053  INFO 17333 --- [SpringContextShutdownHook] o.s.s.concurrent.ThreadPoolTaskExecutor  : Shutting down ExecutorService 'applicationTaskExecutor'
